\BOOKMARK [1][-]{section.1}{Introduction}{}
\BOOKMARK [1][-]{section.2}{Commuative 4 theory}{}
\BOOKMARK [1][-]{section.3}{Commuative Yang Mills}{}
\BOOKMARK [1][-]{section.4}{The noncommutative space R3}{}
\BOOKMARK [1][-]{section.5}{The matrix basis}{}
\BOOKMARK [1][-]{section.6}{The classical gauge action R3}{}
\BOOKMARK [1][-]{section.7}{Computation of the propagators}{}
\BOOKMARK [1][-]{section.8}{One-loop computations}{}
\BOOKMARK [1][-]{section.9}{Discussion and Conclusion}{}
\BOOKMARK [2][-]{subsection.9.1}{Quelques notions utiles de topologie}{section.9}
\BOOKMARK [3][-]{subsubsection.9.1.1}{D\351finition d'un espace topologique}{subsection.9.1}
\BOOKMARK [3][-]{subsubsection.9.1.2}{Divers d\351finitions utiles}{subsection.9.1}
\BOOKMARK [2][-]{subsection.9.2}{Vari\351t\351s diff\351rentielles}{section.9}
\BOOKMARK [3][-]{subsubsection.9.2.1}{D\351finition d'une Vari\351te topologique}{subsection.9.2}
\BOOKMARK [3][-]{subsubsection.9.2.2}{Atlas de cartes}{subsection.9.2}
\BOOKMARK [3][-]{subsubsection.9.2.3}{D\351finition d'une Vari\351t\351 diff\351rentielle}{subsection.9.2}
\BOOKMARK [3][-]{subsubsection.9.2.4}{Le Cercle : Exemple de Vari\351te Diff\351rentielle}{subsection.9.2}
\BOOKMARK [2][-]{subsection.9.3}{Fibr\351}{section.9}
\BOOKMARK [3][-]{subsubsection.9.3.1}{Fibr\351 Vectoriel}{subsection.9.3}
\BOOKMARK [3][-]{subsubsection.9.3.2}{Exemple de Fibr\351 Vectoriel}{subsection.9.3}
\BOOKMARK [3][-]{subsubsection.9.3.3}{Fibr\351 localement trivial}{subsection.9.3}
\BOOKMARK [3][-]{subsubsection.9.3.4}{Fibr\351 Tangent}{subsection.9.3}
\BOOKMARK [3][-]{subsubsection.9.3.5}{Fibr\351 des formes altern\351es}{subsection.9.3}
\BOOKMARK [2][-]{subsection.9.4}{Groupes de Lie}{section.9}
\BOOKMARK [3][-]{subsubsection.9.4.1}{Groupes de Lie}{subsection.9.4}
\BOOKMARK [3][-]{subsubsection.9.4.2}{Representation}{subsection.9.4}
\BOOKMARK [2][-]{subsection.9.5}{Formes Diff\351rentielles}{section.9}
\BOOKMARK [1][-]{section.10}{Some Recall on Differential Geometry}{}
\BOOKMARK [1][-]{section.11}{References}{}
\BOOKMARK [1][-]{section.12}{References}{}
