\BOOKMARK [1][-]{section.1}{Introduction}{}
\BOOKMARK [1][-]{section.2}{Quelques consid\351rations classiques}{}
\BOOKMARK [2][-]{subsection.2.1}{Analyse g\351om\351trqiue}{section.2}
\BOOKMARK [2][-]{subsection.2.2}{\311quation du mouvement, et autres}{section.2}
\BOOKMARK [1][-]{section.3}{Quantification du champ de Yang Mills}{}
\BOOKMARK [2][-]{subsection.3.1}{Intoduction \340 l'int\351grale de chemin}{section.3}
\BOOKMARK [2][-]{subsection.3.2}{Quantification hamiltonienne}{section.3}
\BOOKMARK [3][-]{subsubsection.3.2.1}{Mise en \351vidence de la dynamique hamiltonienne}{subsection.3.2}
\BOOKMARK [3][-]{subsubsection.3.2.2}{Jauge de Coulomb}{subsection.3.2}
\BOOKMARK [3][-]{subsubsection.3.2.3}{M\351thode de Faddeev Popov}{subsection.3.2}
\BOOKMARK [2][-]{subsection.3.3}{Quantification lagrangienne}{section.3}
\BOOKMARK [2][-]{subsection.3.4}{R\350gles de Feynman}{section.3}
\BOOKMARK [1][-]{section.4}{Sym\351trie BRST}{}
\BOOKMARK [2][-]{subsection.4.1}{D\351finition}{section.4}
\BOOKMARK [2][-]{subsection.4.2}{Interpr\351tation g\351om\351trique des transformations BRST}{section.4}
\BOOKMARK [1][-]{section.5}{Identit\351s de Slavnov}{}
\BOOKMARK [1][-]{section.6}{Renormalisation}{}
\BOOKMARK [2][-]{subsection.6.1}{Calcul d'un diagramme de Feynman}{section.6}
\BOOKMARK [2][-]{subsection.6.2}{Comptage en puissance}{section.6}
\BOOKMARK [3][-]{subsubsection.6.2.1}{D\351finition}{subsection.6.2}
\BOOKMARK [3][-]{subsubsection.6.2.2}{Identification des diagrammes divergents}{subsection.6.2}
\BOOKMARK [2][-]{subsection.6.3}{R\351gularisation dimensionnelle}{section.6}
\BOOKMARK [3][-]{subsubsection.6.3.1}{D\351finition}{subsection.6.3}
\BOOKMARK [3][-]{subsubsection.6.3.2}{R\351gularisation \340 1 boucle}{subsection.6.3}
\BOOKMARK [2][-]{subsection.6.4}{Preuve de la renormalisabilit\351 \340 tout les ordres}{section.6}
\BOOKMARK [1][-]{section.7}{Appart\351 Non Commutative}{}
\BOOKMARK [2][-]{subsection.7.1}{Alg\350bre de Moyal et th\351orie de jauge}{section.7}
\BOOKMARK [2][-]{subsection.7.2}{Theorie de yang Mills Non Commutative sur le plan de Moyal}{section.7}
\BOOKMARK [3][-]{subsubsection.7.2.1}{Diagramme 1 boucle avec deux lignes externe en fant\364me}{subsection.7.2}
\BOOKMARK [1][-]{section.8}{IR div. \(D=2\)}{}
\BOOKMARK [2][-]{subsection.8.1}{Feynman Rules}{section.8}
\BOOKMARK [3][-]{subsubsection.8.1.1}{Propagator}{subsection.8.1}
\BOOKMARK [3][-]{subsubsection.8.1.2}{Vertex}{subsection.8.1}
\BOOKMARK [2][-]{subsection.8.2}{Formulary}{section.8}
\BOOKMARK [3][-]{subsubsection.8.2.1}{Formulary}{subsection.8.2}
\BOOKMARK [3][-]{subsubsection.8.2.2}{Proof}{subsection.8.2}
\BOOKMARK [3][-]{subsubsection.8.2.3}{Diagramm c0 - c0}{subsection.8.2}
\BOOKMARK [3][-]{subsubsection.8.2.4}{Diagramm c0 - cb}{subsection.8.2}
\BOOKMARK [3][-]{subsubsection.8.2.5}{Diagramm ca - c0}{subsection.8.2}
\BOOKMARK [3][-]{subsubsection.8.2.6}{Diagramm ca - cb}{subsection.8.2}
\BOOKMARK [2][-]{subsection.8.3}{Diagramm with 2 exterior Fields legs}{section.8}
\BOOKMARK [1][-]{section.9}{Discussion}{}
\BOOKMARK [1][-]{appendix.A}{Notations et Conventions utilis\351es}{}
\BOOKMARK [1][-]{appendix.B}{R\350gles de Feynman}{}
\BOOKMARK [2][-]{subsubsection.B.0.1}{Motivation}{appendix.B}
\BOOKMARK [3][-]{subsubsection.B.0.2}{Calculs des propagateurs}{subsubsection.B.0.1}
\BOOKMARK [3][-]{subsubsection.B.0.3}{Calculs des vertex}{subsubsection.B.0.1}
\BOOKMARK [2][-]{subsection.B.1}{Notions utiles de th\350orie des distributions}{appendix.B}
\BOOKMARK [1][-]{appendix.C}{Acknowledgments}{}
\BOOKMARK [1][-]{appendix.D}{References}{}
