\BOOKMARK [1][-]{section.1}{Introduction}{}
\BOOKMARK [1][-]{section.2}{Quelques consid\351rations classiques}{}
\BOOKMARK [2][-]{subsection.2.1}{Analyse g\351om\351trqiue}{section.2}
\BOOKMARK [2][-]{subsection.2.2}{\311quation du mouvement, et autres}{section.2}
\BOOKMARK [1][-]{section.3}{Quantification du champ de Yang Mills}{}
\BOOKMARK [2][-]{subsection.3.1}{Intoduction \340 l'int\351grale de chemin}{section.3}
\BOOKMARK [2][-]{subsection.3.2}{Quantification hamiltonienne}{section.3}
\BOOKMARK [3][-]{subsubsection.3.2.1}{Mise en \351vidence de la dynamique hamiltonienne}{subsection.3.2}
\BOOKMARK [3][-]{subsubsection.3.2.2}{Jauge de Coulomb}{subsection.3.2}
\BOOKMARK [3][-]{subsubsection.3.2.3}{M\351thode de Faddeev Popov}{subsection.3.2}
\BOOKMARK [2][-]{subsection.3.3}{Quantification lagrangienne}{section.3}
\BOOKMARK [2][-]{subsection.3.4}{R\350gles de Feynman}{section.3}
\BOOKMARK [1][-]{section.4}{Sym\351trie BRST \(Becchi, Rouet, Stora, et Tyupkin\)}{}
\BOOKMARK [2][-]{subsection.4.1}{D\351finition}{section.4}
\BOOKMARK [2][-]{subsection.4.2}{Interpr\351tation g\351om\351trique des transformations BRST}{section.4}
\BOOKMARK [1][-]{section.5}{Identit\351s de Slavnov}{}
\BOOKMARK [1][-]{section.6}{Renormalisation}{}
\BOOKMARK [2][-]{subsection.6.1}{Calcul d'un diagramme de Feynman}{section.6}
\BOOKMARK [2][-]{subsection.6.2}{Comptage en puissance}{section.6}
\BOOKMARK [3][-]{subsubsection.6.2.1}{D\351finition}{subsection.6.2}
\BOOKMARK [3][-]{subsubsection.6.2.2}{Identification des diagrammes divergents}{subsection.6.2}
\BOOKMARK [2][-]{subsection.6.3}{R\351gularisation dimensionnelle}{section.6}
\BOOKMARK [3][-]{subsubsection.6.3.1}{D\351finition}{subsection.6.3}
\BOOKMARK [3][-]{subsubsection.6.3.2}{R\351gularisation \340 1 boucle}{subsection.6.3}
\BOOKMARK [2][-]{subsection.6.4}{Preuve de la renormalisabilit\351 \340 tout les ordres}{section.6}
\BOOKMARK [1][-]{section.7}{Appart\351 Non Commutative}{}
\BOOKMARK [2][-]{subsection.7.1}{Alg\350bre de Moyal et th\351orie de jauge}{section.7}
\BOOKMARK [2][-]{subsection.7.2}{Theorie de yang Mills Non Commutative sur le plan de Moyal}{section.7}
\BOOKMARK [3][-]{subsubsection.7.2.1}{Diagramme 1 boucle avec deux lignes externe en fant\364me}{subsection.7.2}
\BOOKMARK [1][-]{section.8}{Discussion}{}
\BOOKMARK [1][-]{section.9}{Annexes}{}
\BOOKMARK [2][-]{subsection.9.1}{Notations et Conventions utilis\351es}{section.9}
\BOOKMARK [2][-]{subsection.9.2}{R\350gles de Feynman}{section.9}
\BOOKMARK [3][-]{subsubsection.9.2.1}{Motivation}{subsection.9.2}
\BOOKMARK [3][-]{subsubsection.9.2.2}{Calculs des propagateurs}{subsection.9.2}
\BOOKMARK [3][-]{subsubsection.9.2.3}{Calculs des vertex}{subsection.9.2}
\BOOKMARK [2][-]{subsection.9.3}{Notions utiles de th\350orie des distributions}{section.9}
\BOOKMARK [1][-]{section.10}{Remerciements}{}
\BOOKMARK [1][-]{section.11}{R\351f\351rences}{}
